Segmented Graph Name: experts_[1]_trial_1
Timestamp: 15-10-18  16:26:03
Duration: 31.174201726913452 seconds
Segentation: [0.0, 18.8, 37.6, 56.4, 59.18, 59.32]
--------------------------------------------------------------------------

Segmented Graph Name: experts_[1]_trial_5
Timestamp: 15-10-18  16:53:55
Duration: 623.9808728694916 seconds
Segentation: [0.0, 30.98, 59.62]
--------------------------------------------------------------------------

Segmented Graph Name: experts_[1]_trial_6
Timestamp: 15-10-18  17:14:06
Duration: 29.666353940963745 seconds
Segentation: [0.0, 20.0, 40.0, 59.66]
--------------------------------------------------------------------------

Segmented Graph Name: experts_[1]_trial_9
Timestamp: 15-10-18  17:27:55
Duration: 93.85487413406372 seconds
Segentation: [0.0, 20.0, 40.0, 44.0, 48.58, 52.58, 56.58, 59.64]
--------------------------------------------------------------------------

